<?xml version="1.0" encoding="UTF-8"?>
<!-- Generated by org.testng.reporters.JUnitReportReporter -->
<testsuite hostname="Fatima" failures="0" tests="1" name="Runner_file.runner" time="5.696" errors="0" timestamp="2024-04-13T00:59:05 IST" skipped="0">
  <testcase classname="Runner_file.runner" name="scenario" time="5.696"/>
</testsuite> <!-- Runner_file.runner -->
